[    0.000000] Initializing cgroup subsys cpuset
[    0.000000] Initializing cgroup subsys cpu
[    0.000000] Initializing cgroup subsys cpuacct
[    0.000000] Linux version 4.4.0-75-generic (buildd@lcy01-04) (gcc version 5.4.0 20160609 (Ubuntu 5.4.0-6ubuntu1~16.04.4) ) #96-Ubuntu SMP Thu Apr 20 09:55:15 UTC 2017 (Ubuntu 4.4.0-75.96-generic 4.4.59)
[    0.000000] KERNEL supported cpus:
[    0.000000]   Intel GenuineIntel
[    0.000000]   AMD AuthenticAMD
[    0.000000]   NSC Geode by NSC
[    0.000000]   Cyrix CyrixInstead
[    0.000000]   Centaur CentaurHauls
[    0.000000]   Transmeta GenuineTMx86
[    0.000000]   Transmeta TransmetaCPU
[    0.000000]   UMC UMC UMC UMC
[    0.000000] x86/fpu: xstate_offset[2]:  576, xstate_sizes[2]:  256
[    0.000000] x86/fpu: Supporting XSAVE feature 0x01: 'x87 floating point registers'
[    0.000000] x86/fpu: Supporting XSAVE feature 0x02: 'SSE registers'
[    0.000000] x86/fpu: Supporting XSAVE feature 0x04: 'AVX registers'
[    0.000000] x86/fpu: Enabled xstate features 0x7, context size is 832 bytes, using 'standard' format.
[    0.000000] x86/fpu: Using 'lazy' FPU context switches.
[    0.000000] e820: BIOS-provided physical RAM map:
[    0.000000] BIOS-e820: [mem 0x0000000000000000-0x000000000009fbff] usable
[    0.000000] BIOS-e820: [mem 0x000000000009fc00-0x000000000009ffff] reserved
[    0.000000] BIOS-e820: [mem 0x00000000000f0000-0x00000000000fffff] reserved
[    0.000000] BIOS-e820: [mem 0x0000000000100000-0x000000003ffeffff] usable
[    0.000000] BIOS-e820: [mem 0x000000003fff0000-0x000000003fffffff] ACPI data
[    0.000000] BIOS-e820: [mem 0x00000000fec00000-0x00000000fec00fff] reserved
[    0.000000] BIOS-e820: [mem 0x00000000fee00000-0x00000000fee00fff] reserved
[    0.000000] BIOS-e820: [mem 0x00000000fffc0000-0x00000000ffffffff] reserved
[    0.000000] NX (Execute Disable) protection: active
[    0.000000] SMBIOS 2.5 present.
[    0.000000] Hypervisor detected: KVM
[    0.000000] e820: last_pfn = 0x3fff0 max_arch_pfn = 0x1000000
[    0.000000] MTRR: Disabled
[    0.000000] x86/PAT: MTRRs disabled, skipping PAT initialization too.
[    0.000000] x86/PAT: Configuration [0-7]: WB  WT  UC- UC  WB  WT  UC- UC  
[    0.000000] CPU MTRRs all blank - virtualized system.
[    0.000000] found SMP MP-table at [mem 0x0009fff0-0x0009ffff] mapped at [c009fff0]
[    0.000000] Scanning 1 areas for low memory corruption
[    0.000000] RAMDISK: [mem 0x36ac0000-0x37557fff]
[    0.000000] ACPI: Early table checksum verification disabled
[    0.000000] ACPI: RSDP 0x00000000000E0000 000024 (v02 VBOX  )
[    0.000000] ACPI: XSDT 0x000000003FFF0030 00003C (v01 VBOX   VBOXXSDT 00000001 ASL  00000061)
[    0.000000] ACPI: FACP 0x000000003FFF00F0 0000F4 (v04 VBOX   VBOXFACP 00000001 ASL  00000061)
[    0.000000] ACPI: DSDT 0x000000003FFF0470 00210F (v01 VBOX   VBOXBIOS 00000002 INTL 20100528)
[    0.000000] ACPI: FACS 0x000000003FFF0200 000040
[    0.000000] ACPI: FACS 0x000000003FFF0200 000040
[    0.000000] ACPI: APIC 0x000000003FFF0240 00005C (v02 VBOX   VBOXAPIC 00000001 ASL  00000061)
[    0.000000] ACPI: SSDT 0x000000003FFF02A0 0001CC (v01 VBOX   VBOXCPUT 00000002 INTL 20100528)
[    0.000000] 131MB HIGHMEM available.
[    0.000000] 891MB LOWMEM available.
[    0.000000]   mapped low ram: 0 - 37bfe000
[    0.000000]   low ram: 0 - 37bfe000
[    0.000000] kvm-clock: Using msrs 4b564d01 and 4b564d00
[    0.000000] kvm-clock: cpu 0, msr 0:37bfd001, primary cpu clock
[    0.000000] kvm-clock: using sched offset of 3234261042 cycles
[    0.000000] clocksource: kvm-clock: mask: 0xffffffffffffffff max_cycles: 0x1cd42e4dffb, max_idle_ns: 881590591483 ns
[    0.000000] Zone ranges:
[    0.000000]   DMA      [mem 0x0000000000001000-0x0000000000ffffff]
[    0.000000]   Normal   [mem 0x0000000001000000-0x0000000037bfdfff]
[    0.000000]   HighMem  [mem 0x0000000037bfe000-0x000000003ffeffff]
[    0.000000] Movable zone start for each node
[    0.000000] Early memory node ranges
[    0.000000]   node   0: [mem 0x0000000000001000-0x000000000009efff]
[    0.000000]   node   0: [mem 0x0000000000100000-0x000000003ffeffff]
[    0.000000] Initmem setup node 0 [mem 0x0000000000001000-0x000000003ffeffff]
[    0.000000] Using APIC driver default
[    0.000000] ACPI: PM-Timer IO Port: 0x4008
[    0.000000] IOAPIC[0]: apic_id 2, version 32, address 0xfec00000, GSI 0-23
[    0.000000] ACPI: INT_SRC_OVR (bus 0 bus_irq 0 global_irq 2 dfl dfl)
[    0.000000] ACPI: INT_SRC_OVR (bus 0 bus_irq 9 global_irq 9 high level)
[    0.000000] Using ACPI (MADT) for SMP configuration information
[    0.000000] smpboot: Allowing 2 CPUs, 0 hotplug CPUs
[    0.000000] PM: Registered nosave memory: [mem 0x00000000-0x00000fff]
[    0.000000] PM: Registered nosave memory: [mem 0x0009f000-0x0009ffff]
[    0.000000] PM: Registered nosave memory: [mem 0x000a0000-0x000effff]
[    0.000000] PM: Registered nosave memory: [mem 0x000f0000-0x000fffff]
[    0.000000] e820: [mem 0x40000000-0xfebfffff] available for PCI devices
[    0.000000] Booting paravirtualized kernel on KVM
[    0.000000] clocksource: refined-jiffies: mask: 0xffffffff max_cycles: 0xffffffff, max_idle_ns: 7645519600211568 ns
[    0.000000] setup_percpu: NR_CPUS:8 nr_cpumask_bits:8 nr_cpu_ids:2 nr_node_ids:1
[    0.000000] PERCPU: Embedded 19 pages/cpu @f76b0000 s47436 r0 d30388 u77824
[    0.000000] PV qspinlock hash table entries: 512 (order: 0, 4096 bytes)
[    0.000000] Built 1 zonelists in Zone order, mobility grouping on.  Total pages: 259800
[    0.000000] Kernel command line: BOOT_IMAGE=/boot/vmlinuz-4.4.0-75-generic root=LABEL=cloudimg-rootfs ro console=tty1 console=ttyS0
[    0.000000] PID hash table entries: 4096 (order: 2, 16384 bytes)
[    0.000000] Dentry cache hash table entries: 131072 (order: 7, 524288 bytes)
[    0.000000] Inode-cache hash table entries: 65536 (order: 6, 262144 bytes)
[    0.000000] Initializing CPU#0
[    0.000000] Initializing HighMem for node 0 (00037bfe:0003fff0)
[    0.000000] Initializing Movable for node 0 (00000000:00000000)
[    0.000000] Memory: 1012120K/1048120K available (7928K kernel code, 770K rwdata, 3164K rodata, 940K init, 800K bss, 36000K reserved, 0K cma-reserved, 135112K highmem)
[    0.000000] virtual kernel memory layout:
[    0.000000]     fixmap  : 0xfff15000 - 0xfffff000   ( 936 kB)
[    0.000000]     pkmap   : 0xffc00000 - 0xffe00000   (2048 kB)
[    0.000000]     vmalloc : 0xf83fe000 - 0xffbfe000   ( 120 MB)
[    0.000000]     lowmem  : 0xc0000000 - 0xf7bfe000   ( 891 MB)
[    0.000000]       .init : 0xc1b99000 - 0xc1c84000   ( 940 kB)
[    0.000000]       .data : 0xc17be50b - 0xc1b97b40   (3941 kB)
[    0.000000]       .text : 0xc1000000 - 0xc17be50b   (7929 kB)
[    0.000000] Checking if this processor honours the WP bit even in supervisor mode...Ok.
[    0.000000] SLUB: HWalign=64, Order=0-3, MinObjects=0, CPUs=2, Nodes=1
[    0.000000] Hierarchical RCU implementation.
[    0.000000] 	Build-time adjustment of leaf fanout to 32.
[    0.000000] 	RCU restricting CPUs from NR_CPUS=8 to nr_cpu_ids=2.
[    0.000000] RCU: Adjusting geometry for rcu_fanout_leaf=32, nr_cpu_ids=2
[    0.000000] NR_IRQS:2304 nr_irqs:440 16
[    0.000000] Console: colour VGA+ 80x25
[    0.000000] console [tty1] enabled
[    0.000000] console [ttyS0] enabled
[    0.000000] allocated 1048576 bytes of page_ext
[    0.000000] tsc: Detected 2699.998 MHz processor
[    4.122473] Calibrating delay loop (skipped) preset value.. 5399.99 BogoMIPS (lpj=10799992)
[    4.221899] pid_max: default: 32768 minimum: 301
[    4.267328] ACPI: Core revision 20150930
[    4.306486] ACPI: 2 ACPI AML tables successfully acquired and loaded
[    4.316628] Security Framework initialized
[    4.317627] Yama: becoming mindful.
[    4.318503] AppArmor: AppArmor initialized
[    4.369688] Mount-cache hash table entries: 2048 (order: 1, 8192 bytes)
[    4.446684] Mountpoint-cache hash table entries: 2048 (order: 1, 8192 bytes)
[    4.531839] Initializing cgroup subsys io
[    4.547412] Initializing cgroup subsys memory
[    4.548391] Initializing cgroup subsys devices
[    4.568622] Initializing cgroup subsys freezer
[    4.625585] Initializing cgroup subsys net_cls
[    4.659508] Initializing cgroup subsys perf_event
[    4.660527] Initializing cgroup subsys net_prio
[    4.669825] Initializing cgroup subsys hugetlb
[    4.670802] Initializing cgroup subsys pids
[    4.671810] CPU: Physical Processor ID: 0
[    4.672707] CPU: Processor Core ID: 0
[    4.688447] mce: CPU supports 0 MCE banks
[    4.716782] Last level iTLB entries: 4KB 64, 2MB 8, 4MB 8
[    4.775163] Last level dTLB entries: 4KB 64, 2MB 0, 4MB 0, 1GB 4
[    4.778995] Freeing SMP alternatives memory: 28K (c1c84000 - c1c8b000)
[    4.824330] ftrace: allocating 31398 entries in 62 pages
[    4.920574] smpboot: APIC(0) Converting physical 0 to logical package 0
[    4.959171] smpboot: Max logical packages: 1
[    4.960123] Enabling APIC mode:  Flat.  Using 1 I/O APICs
[    5.012503] ..TIMER: vector=0x30 apic1=0 pin1=2 apic2=-1 pin2=-1
[    5.196965] smpboot: CPU0: Intel(R) Core(TM) i5-5257U CPU @ 2.70GHz (family: 0x6, model: 0x3d, stepping: 0x4)
[    5.272613] Performance Events: unsupported p6 CPU model 61 no PMU driver, software events only.
[    5.357157] KVM setup paravirtual spinlock
[    5.387522] x86: Booting SMP configuration:
[    5.422225] .... node  #0, CPUs:      #1
[1266874886.475290] Initializing CPU#1
[    5.465381] kvm-clock: cpu 1, msr 0:37bfd041, secondary cpu clock
[    5.468213] mce: CPU supports 0 MCE banks
[    5.475376] x86: Booted up 1 node, 2 CPUs
[    5.501360] smpboot: Total of 2 processors activated (10799.99 BogoMIPS)
[    5.563384] devtmpfs: initialized
[    5.624192] evm: security.selinux
[    5.644483] evm: security.SMACK64
[    5.648180] evm: security.SMACK64EXEC
[    5.649036] evm: security.SMACK64TRANSMUTE
[    5.652219] evm: security.SMACK64MMAP
[    5.653078] evm: security.ima
[    5.653835] evm: security.capability
[    5.660013] clocksource: jiffies: mask: 0xffffffff max_cycles: 0xffffffff, max_idle_ns: 7645041785100000 ns
[    5.742827] futex hash table entries: 512 (order: 3, 32768 bytes)
[    5.818175] pinctrl core: initialized pinctrl subsystem
[    5.889842] RTC time: 23:06:37, date: 05/04/17
[    5.932127] NET: Registered protocol family 16
[    5.964481] EISA bus registered
[    6.013686] cpuidle: using governor ladder
[    6.086168] cpuidle: using governor menu
[    6.129724] PCCT header not found.
[    6.146031] ACPI: bus type PCI registered
[    6.189662] acpiphp: ACPI Hot Plug PCI Controller Driver version: 0.5
[    6.236569] PCI : PCI BIOS area is rw and x. Use pci=nobios if you want it NX.
[    6.244719] PCI: PCI BIOS revision 2.10 entry at 0xfda26, last bus=0
[    6.320059] PCI: Using configuration type 1 for base access
[    6.419219] ACPI: Added _OSI(Module Device)
[    6.460559] ACPI: Added _OSI(Processor Device)
[    6.497352] ACPI: Added _OSI(3.0 _SCP Extensions)
[    6.547922] ACPI: Added _OSI(Processor Aggregator Device)
[    6.608858] ACPI: Executed 1 blocks of module-level executable AML code
[    6.674898] ACPI: Interpreter enabled
[    6.699917] ACPI: (supports S0 S5)
[    6.706130] ACPI: Using IOAPIC for interrupt routing
[    6.707383] PCI: Using host bridge windows from ACPI; if necessary, use "pci=nocrs" and report a bug
[    6.754384] ACPI: PCI Root Bridge [PCI0] (domain 0000 [bus 00-ff])
[    6.791743] acpi PNP0A03:00: _OSC: OS supports [ASPM ClockPM Segments MSI]
[    6.866648] acpi PNP0A03:00: _OSC failed (AE_NOT_FOUND); disabling ASPM
[    6.947030] acpi PNP0A03:00: fail to add MMCONFIG information, can't access extended PCI configuration space under this bridge.
[    7.073123] PCI host bridge to bus 0000:00
[    7.113126] pci_bus 0000:00: root bus resource [io  0x0000-0x0cf7 window]
[    7.177616] pci_bus 0000:00: root bus resource [io  0x0d00-0xffff window]
[    7.246540] pci_bus 0000:00: root bus resource [mem 0x000a0000-0x000bffff window]
[    7.327660] pci_bus 0000:00: root bus resource [mem 0x40000000-0xffdfffff window]
[    7.408135] pci_bus 0000:00: root bus resource [bus 00-ff]
[    7.481731] pci 0000:00:01.1: legacy IDE quirk: reg 0x10: [io  0x01f0-0x01f7]
[    7.554983] pci 0000:00:01.1: legacy IDE quirk: reg 0x14: [io  0x03f6]
[    7.609242] pci 0000:00:01.1: legacy IDE quirk: reg 0x18: [io  0x0170-0x0177]
[    7.610697] pci 0000:00:01.1: legacy IDE quirk: reg 0x1c: [io  0x0376]
[    7.684232] pci 0000:00:07.0: quirk: [io  0x4000-0x403f] claimed by PIIX4 ACPI
[    7.760892] pci 0000:00:07.0: quirk: [io  0x4100-0x410f] claimed by PIIX4 SMB
[    7.850360] ACPI: PCI Interrupt Link [LNKA] (IRQs 5 9 10 *11)
[    7.908420] ACPI: PCI Interrupt Link [LNKB] (IRQs 5 9 10 *11)
[    7.962775] ACPI: PCI Interrupt Link [LNKC] (IRQs 5 9 *10 11)
[    8.026657] ACPI: PCI Interrupt Link [LNKD] (IRQs 5 *9 10 11)
[    8.056776] ACPI: Enabled 2 GPEs in block 00 to 07
[    8.070214] vgaarb: setting as boot device: PCI:0000:00:02.0
[    8.121284] vgaarb: device added: PCI:0000:00:02.0,decodes=io+mem,owns=io+mem,locks=none
[    8.160658] vgaarb: loaded
[    8.161417] vgaarb: bridge control possible 0000:00:02.0
[    8.162852] SCSI subsystem initialized
[    8.181230] ACPI: bus type USB registered
[    8.208078] usbcore: registered new interface driver usbfs
[    8.263755] usbcore: registered new interface driver hub
[    8.309044] usbcore: registered new device driver usb
[    8.371149] PCI: Using ACPI for IRQ routing
[    8.410678] NetLabel: Initializing
[    8.458649] NetLabel:  domain hash size = 128
[    8.516893] NetLabel:  protocols = UNLABELED CIPSOv4
[    8.563983] NetLabel:  unlabeled traffic allowed by default
[    8.610162] amd_nb: Cannot enumerate AMD northbridges
[    8.663812] clocksource: Switched to clocksource kvm-clock
[    8.736801] AppArmor: AppArmor Filesystem Enabled
[    8.776306] pnp: PnP ACPI init
[    8.832986] pnp: PnP ACPI: found 3 devices
[    8.887562] PnPBIOS: Disabled by ACPI PNP
[    8.990146] clocksource: acpi_pm: mask: 0xffffff max_cycles: 0xffffff, max_idle_ns: 2085701024 ns
[    9.136662] NET: Registered protocol family 2
[    9.137899] TCP established hash table entries: 8192 (order: 3, 32768 bytes)
[    9.139475] TCP bind hash table entries: 8192 (order: 4, 65536 bytes)
[    9.265812] TCP: Hash tables configured (established 8192 bind 8192)
[    9.320076] UDP hash table entries: 512 (order: 2, 16384 bytes)
[    9.347494] UDP-Lite hash table entries: 512 (order: 2, 16384 bytes)
[    9.377675] NET: Registered protocol family 1
[    9.475547] pci 0000:00:00.0: Limiting direct PCI/PCI transfers
[    9.522962] pci 0000:00:01.0: Activating ISA DMA hang workarounds
[    9.619490] Unpacking initramfs...
[   11.479400] Freeing initrd memory: 10848K (f6ac0000 - f7558000)
[   11.535607] RAPL PMU detected, API unit is 2^-32 Joules, 4 fixed counters 10737418240 ms ovfl timer
[   11.562798] hw unit of domain pp0-core 2^-0 Joules
[   11.563895] hw unit of domain package 2^-0 Joules
[   11.564960] hw unit of domain dram 2^-0 Joules
[   11.619772] hw unit of domain pp1-gpu 2^-0 Joules
[   11.622072] platform rtc_cmos: registered platform RTC device (no PNP device found)
[   11.625726] Scanning for low memory corruption every 60 seconds
[   11.687941] audit: initializing netlink subsys (disabled)
[   11.789578] audit: type=2000 audit(1493939199.638:1): initialized
[   11.919742] Initialise system trusted keyring
[   11.969368] HugeTLB registered 2 MB page size, pre-allocated 0 pages
[   11.974369] zbud: loaded
[   12.020003] VFS: Disk quotas dquot_6.6.0
[   12.072094] VFS: Dquot-cache hash table entries: 1024 (order 0, 4096 bytes)
[   12.141137] squashfs: version 4.0 (2009/01/31) Phillip Lougher
[   12.192111] fuse init (API version 7.23)
[   12.227531] Key type big_key registered
[   12.250611] Allocating IMA MOK and blacklist keyrings.
[   12.281907] Key type asymmetric registered
[   12.297270] Asymmetric key parser 'x509' registered
[   12.302262] bounce: pool size: 64 pages
[   12.311615] Block layer SCSI generic (bsg) driver version 0.4 loaded (major 249)
[   12.323768] io scheduler noop registered
[   12.327389] io scheduler deadline registered (default)
[   12.344446] io scheduler cfq registered
[   12.349822] pci_hotplug: PCI Hot Plug PCI Core version: 0.5
[   12.357805] pciehp: PCI Express Hot Plug Controller Driver version: 0.4
[   12.376200] ACPI: AC Adapter [AC] (on-line)
[   12.385027] input: Power Button as /devices/LNXSYSTM:00/LNXPWRBN:00/input/input0
[   12.408457] ACPI: Power Button [PWRF]
[   12.439164] input: Sleep Button as /devices/LNXSYSTM:00/LNXSLPBN:00/input/input1
[   12.467119] ACPI: Sleep Button [SLPF]
[   12.468280] GHES: HEST is not enabled!
[   12.469244] ACPI: Battery Slot [BAT0] (battery present)
[   12.503095] isapnp: Scanning for PnP cards...
[   12.551522] Serial: 8250/16550 driver, 32 ports, IRQ sharing enabled
ÿ[   12.582387] 00:02: ttyS0 at I/O 0x3f8 (irq = 4, base_baud = 115200) is a 16550A
[   12.596949] Linux agpgart interface v0.103
[   12.613002] loop: module loaded
[   12.621464] scsi host0: ata_piix
[   12.633720] scsi host1: ata_piix
[   12.640189] tsc: Refined TSC clocksource calibration: 2699.631 MHz
[   12.640191] clocksource: tsc: mask: 0xffffffffffffffff max_cycles: 0x26e9e1f0096, max_idle_ns: 440795292590 ns
[   12.686542] ata1: PATA max UDMA/33 cmd 0x1f0 ctl 0x3f6 bmdma 0xd000 irq 14
[   12.701001] ata2: PATA max UDMA/33 cmd 0x170 ctl 0x376 bmdma 0xd008 irq 15
[   12.702883] libphy: Fixed MDIO Bus: probed
[   12.715916] tun: Universal TUN/TAP device driver, 1.6
[   12.717165] tun: (C) 1999-2004 Max Krasnyansky <maxk@qualcomm.com>
[   12.721649] PPP generic driver version 2.4.2
[   12.722972] ehci_hcd: USB 2.0 'Enhanced' Host Controller (EHCI) Driver
[   12.733351] ehci-pci: EHCI PCI platform driver
[   12.736371] ehci-platform: EHCI generic platform driver
[   12.737737] ohci_hcd: USB 1.1 'Open' Host Controller (OHCI) Driver
[   12.745433] ohci-pci: OHCI PCI platform driver
[   12.746715] ohci-platform: OHCI generic platform driver
[   12.750409] uhci_hcd: USB Universal Host Controller Interface driver
[   12.752017] i8042: PNP: PS/2 Controller [PNP0303:PS2K,PNP0f03:PS2M] at 0x60,0x64 irq 1,12
[   12.765666] serio: i8042 KBD port at 0x60,0x64 irq 1
[   12.792703] serio: i8042 AUX port at 0x60,0x64 irq 12
[   12.809926] mousedev: PS/2 mouse device common for all mice
[   12.831627] input: AT Translated Set 2 keyboard as /devices/platform/i8042/serio0/input/input2
[   12.876619] rtc_cmos rtc_cmos: rtc core: registered rtc_cmos as rtc0
[   12.910887] isapnp: No Plug & Play device found
[   12.988080] rtc_cmos rtc_cmos: alarms up to one day, 114 bytes nvram
[   13.057763] i2c /dev entries driver
[   13.108455] device-mapper: uevent: version 1.0.3
[   13.153934] device-mapper: ioctl: 4.34.0-ioctl (2015-10-28) initialised: dm-devel@redhat.com
[   13.261937] platform eisa.0: Probing EISA bus 0
[   13.288529] platform eisa.0: EISA: Cannot allocate resource for mainboard
[   13.360478] platform eisa.0: Cannot allocate resource for EISA slot 1
[   13.386594] platform eisa.0: Cannot allocate resource for EISA slot 2
[   13.388112] platform eisa.0: Cannot allocate resource for EISA slot 3
[   13.456697] platform eisa.0: Cannot allocate resource for EISA slot 4
[   13.508825] platform eisa.0: Cannot allocate resource for EISA slot 5
[   13.586997] platform eisa.0: Cannot allocate resource for EISA slot 6
[   13.707598] platform eisa.0: Cannot allocate resource for EISA slot 7
[   13.768250] platform eisa.0: Cannot allocate resource for EISA slot 8
[   13.769595] platform eisa.0: EISA: Detected 0 cards
[   13.770722] cpufreq-nforce2: No nForce2 chipset.
[   13.807871] ledtrig-cpu: registered to indicate activity on CPUs
[   13.815638] NET: Registered protocol family 10
[   13.818107] NET: Registered protocol family 17
[   13.873554] Key type dns_resolver registered
[   13.927042] microcode: CPU0 sig=0x306d4, pf=0x40, revision=0x0
[   13.988745] microcode: CPU1 sig=0x306d4, pf=0x40, revision=0x0
[   14.007903] microcode: Microcode Update Driver: v2.01 <tigran@aivazian.fsnet.co.uk>, Peter Oruba
[   14.076508] Using IPI No-Shortcut mode
[   14.105869] registered taskstats version 1
[   14.162794] Loading compiled-in X.509 certificates
[   14.197111] Loaded X.509 cert 'Build time autogenerated kernel key: 07b96e98effcf92e436e5474864c4a8d42920bdd'
[   14.302191] zswap: loaded using pool lzo/zbud
[   14.330468] Key type trusted registered
[   14.367979] Key type encrypted registered
[   14.428413] AppArmor: AppArmor sha1 policy hashing enabled
[   14.473899] ima: No TPM chip found, activating TPM-bypass!
[   14.505280] evm: HMAC attrs: 0x1
[   14.516698]   Magic number: 1:798:149
[   14.520019] rtc_cmos rtc_cmos: setting system clock to 2017-05-04 23:06:45 UTC (1493939205)
[   14.569467] BIOS EDD facility v0.16 2004-Jun-25, 0 devices found
[   14.610297] EDD information not available.
[   14.622366] Freeing unused kernel memory: 940K (c1b99000 - c1c84000)
[   14.689821] Write protecting the kernel text: 7932k
[   14.752852] Write protecting the kernel read-only data: 3168k
[   14.817426] NX-protecting the kernel data: 6404k
Loading, please [   14.901555] random: systemd-udevd: uninitialized urandom read (16 bytes read, 0 bits of entropy available)
wait...
startin[   14.902161] random: udevadm: uninitialized urandom read (16 bytes read, 0 bits of entropy available)
g version 229
[   14.902197] random: udevadm: uninitialized urandom read (16 bytes read, 0 bits of entropy available)
[   14.902314] random: udevadm: uninitialized urandom read (16 bytes read, 0 bits of entropy available)
[   14.902356] random: udevadm: uninitialized urandom read (16 bytes read, 0 bits of entropy available)
[   14.902396] random: udevadm: uninitialized urandom read (16 bytes read, 0 bits of entropy available)
[   14.902439] random: udevadm: uninitialized urandom read (16 bytes read, 0 bits of entropy available)
[   14.902480] random: udevadm: uninitialized urandom read (16 bytes read, 0 bits of entropy available)
[   14.902522] random: udevadm: uninitialized urandom read (16 bytes read, 0 bits of entropy available)
[   14.902563] random: udevadm: uninitialized urandom read (16 bytes read, 0 bits of entropy available)
[   15.636853] e1000: Intel(R) PRO/1000 Network Driver - version 7.3.21-k8-NAPI
[   15.720461] e1000: Copyright (c) 1999-2006 Intel Corporation.
[   15.721960] Fusion MPT base driver 3.04.20
[   15.768339] Copyright (c) 1999-2008 LSI Corporation
[   15.841625] Fusion MPT SPI Host driver 3.04.20
[   16.040738] input: ImExPS/2 Generic Explorer Mouse as /devices/platform/i8042/serio1/input/input4
[   16.171288] e1000 0000:00:03.0 eth0: (PCI:33MHz:32-bit) 02:7e:77:47:b5:e0
[   16.352960] e1000 0000:00:03.0 eth0: Intel(R) PRO/1000 Network Connection
[   16.461590] e1000 0000:00:03.0 enp0s3: renamed from eth0
[   16.501501] mptbase: ioc0: Initiating bringup
[   16.651260] ioc0: LSI53C1030 A0: Capabilities={Initiator}
[   16.896726] scsi host2: ioc0: LSI53C1030 A0, FwRev=00000000h, Ports=1, MaxQ=256, IRQ=20
[   17.121427] scsi 2:0:0:0: Direct-Access     VBOX     HARDDISK         1.0  PQ: 0 ANSI: 5
[   17.171136] scsi target2:0:0: Beginning Domain Validation
[   17.175413] scsi target2:0:0: Domain Validation skipping write tests
[   17.222264] scsi target2:0:0: Ending Domain Validation
[   17.223641] scsi target2:0:0: asynchronous
[   17.301253] scsi 2:0:1:0: Direct-Access     VBOX     HARDDISK         1.0  PQ: 0 ANSI: 5
[   17.426568] scsi target2:0:1: Beginning Domain Validation
[   17.439314] scsi target2:0:1: Domain Validation skipping write tests
[   17.449259] scsi target2:0:1: Ending Domain Validation
[   17.547112] scsi target2:0:1: asynchronous
[   17.636337] sd 2:0:0:0: [sda] 20971520 512-byte logical blocks: (10.7 GB/10.0 GiB)
[   17.636348] sd 2:0:0:0: Attached scsi generic sg0 type 0
[   17.636737] sd 2:0:1:0: Attached scsi generic sg1 type 0
[   17.847689] sd 2:0:1:0: [sdb] 20480 512-byte logical blocks: (10.5 MB/10.0 MiB)
[   17.847997] sd 2:0:0:0: [sda] Write Protect is off
[   17.848144] sd 2:0:0:0: [sda] Incomplete mode parameter data
[   17.848145] sd 2:0:0:0: [sda] Assuming drive cache: write through
[   17.954088]  sda: sda1
[   17.954797] sd 2:0:0:0: [sda] Attached SCSI disk
[   18.134435] sd 2:0:1:0: [sdb] Write Protect is off
[   18.150658] sd 2:0:1:0: [sdb] Incomplete mode parameter data
[   18.254622] sd 2:0:1:0: [sdb] Assuming drive cache: write through
[   18.261356] sd 2:0:1:0: [sdb] Attached SCSI disk
[   18.728059] floppy0: no floppy controllers found
Begin: Loading e[   20.255452] md: linear personality registered for level -1
ssential drivers ... [   20.319926] md: multipath personality registered for level -4
[   20.361864] md: raid0 personality registered for level 0
[   20.433438] md: raid1 personality registered for level 1
[   20.544362] raid6: mmxx1    gen()  5360 MB/s
[   20.651874] raid6: mmxx2    gen()  5368 MB/s
[   20.757428] raid6: sse1x1   gen()  4849 MB/s
[   20.899985] raid6: sse1x2   gen()  5270 MB/s
[   21.027877] raid6: sse2x1   gen()  9038 MB/s
[   21.103903] raid6: sse2x1   xor()  6899 MB/s
[   21.191986] raid6: sse2x2   gen()  7025 MB/s
[   21.354414] raid6: sse2x2   xor()  3815 MB/s
[   21.373688] raid6: using algorithm sse2x1 gen() 9038 MB/s
[   21.395074] raid6: .... xor() 6899 MB/s, rmw enabled
[   21.418710] raid6: using ssse3x1 recovery algorithm
[   21.461720] xor: automatically using best checksumming function:
[   21.551975]    avx       : 20765.000 MB/sec
[   21.596031] async_tx: api initialized (async)
[   21.660492] md: raid6 personality registered for level 6
[   21.741480] md: raid5 personality registered for level 5
[   21.831967] md: raid4 personality registered for level 4
[   21.870937] md: raid10 personality registered for level 10
done.
Begin: Running /scripts/init-premount ... done.
Begin: Mounting root file system ... Begin: Running /scripts/local-top ... done.
Begin: Running /scripts/local-premount ... [   21.945576] Btrfs loaded
Scanning for Btrfs filesystems
done.
Warning: fsck no[   21.997020] EXT4-fs (sda1): mounted filesystem with ordered data mode. Opts: (null)
t present, so skipping root file system
done.
Begin: Running /scripts/local-bottom ... done.
Begin: Running /scripts/init-bottom ... done.
[   22.203326] systemd[1]: systemd 229 running in system mode. (+PAM +AUDIT +SELINUX +IMA +APPARMOR +SMACK +SYSVINIT +UTMP +LIBCRYPTSETUP +GCRYPT +GNUTLS +ACL +XZ -LZ4 +SECCOMP +BLKID +ELFUTILS +KMOD -IDN)
[   22.382837] systemd[1]: Detected virtualization oracle.
[   22.402717] systemd[1]: Detected architecture x86.

Welcome to [1mUbuntu 16.04.2 LTS[0m!

[   22.517907] systemd[1]: Set hostname to <ubuntu-xenial>.
[   22.796127] systemd[1]: Reached target User and Group Name Lookups.
[[0;32m  OK  [0m] Reached target User and Group Name Lookups.
[   22.965272] systemd[1]: Listening on LVM2 metadata daemon socket.
[[0;32m  OK  [0m] Listening on LVM2 metadata daemon socket.
[   23.044385] systemd[1]: Listening on Syslog Socket.
[[0;32m  OK  [0m] Listening on Syslog Socket.
[   23.139226] systemd[1]: Listening on /dev/initctl Compatibility Named Pipe.
[[0;32m  OK  [0m] Listening on /dev/initctl Compatibility Named Pipe.
[   23.272162] systemd[1]: Listening on Journal Socket.
[[0;32m  OK  [0m] Listening on Journal Socket.
[   23.400422] systemd[1]: Listening on LVM2 poll daemon socket.
[[0;32m  OK  [0m] Listening on LVM2 poll daemon socket.
[   23.456899] systemd[1]: Created slice System Slice.
[[0;32m  OK  [0m] Created slice System Slice.
[   23.536005] systemd[1]: Mounting Debug File System...
         Mounting Debug File System...
[   23.636798] systemd[1]: Starting Set console keymap...
         Startin[   23.678124] random: nonblocking pool is initialized
g Set console keymap...
[   23.799221] systemd[1]: Started Forward Password Requests to Wall Directory Watch.
[[0;32m  OK  [0m] Started Forward Password Requests to Wall Directory Watch.
[   23.936633] systemd[1]: Starting Create list of required static device nodes for the current kernel...
         Starting Create list of required st... nodes for the current kernel...
[   24.074052] systemd[1]: Created slice system-postgresql.slice.
[[0;32m  OK  [0m] Created slice system-postgresql.slice.
[   24.248396] systemd[1]: Mounting Huge Pages File System...
         Mounting Huge Pages File System...
[   24.336504] systemd[1]: Listening on Journal Socket (/dev/log).
[[0;32m  OK  [0m] Listening on Journal Socket (/dev/log).
[   24.504339] systemd[1]: Starting Nameserver information manager...
         Starting Nameserver information manager...
[   24.616658] systemd[1]: Listening on Device-mapper event daemon FIFOs.
[[0;32m  OK  [0m] Listening on Device-mapper event daemon FIFOs.
[   24.752179] systemd[1]: Starting Monitoring of LVM2 mirrors, snapshots etc. using dmeventd or progress polling...
         Starting Monitoring of LVM2 mirrors... dmeventd or progress polling...
[   24.931281] systemd[1]: Reached target Encrypted Volumes.
[[0;32m  OK  [0m] Reached target Encrypted Volumes.
[   24.974416] systemd[1]: Listening on udev Kernel Socket.
[[0;32m  OK  [0m] Listening on udev Kernel Socket.
[   25.120561] systemd[1]: Created slice system-serial\x2dgetty.slice.
[[0;32m  OK  [0m] Created slice system-serial\x2dgetty.slice.
[   25.205225] systemd[1]: Created slice User and Session Slice.
[[0;32m  OK  [0m] Created slice User and Session Slice.
[   25.260047] systemd[1]: Starting Remount Root and Kernel File Systems...
[   25.263662] EXT4-fs (sda1): re-mounted. Opts: (null)
         Starting Remount Root and Kernel File Systems...
[   25.360398] systemd[1]: Starting Uncomplicated firewall...
         Starting Uncomplicated firewall...
[   25.456714] systemd[1]: Set up automount Arbitrary Executable File Formats File System Automount Point.
[[0;32m  OK  [0m] Set up automount Arbitrary Executab...ats File System Automount Point.
[   25.648351] systemd[1]: Starting Load Kernel Modules...
         Startin[   25.658924] Loading iSCSI transport class v2.0-870.
g Load Kernel Modules...
[   25.734115] systemd[1]: Mounting POSIX Message Queue File System...
         Mountin[   25.860362] iscsi: registered transport (tcp)
g POSIX Message Queue File System...
[   25.940948] systemd[1]: Listening on udev Control Socket.
[[0;32m  OK  [0m] Listening on udev Control Socket.
[   26.007418] iscsi: registered transport (iser)
[   26.007635] systemd[1]: Reached target Slices.
[[0;32m  OK  [0m] Reached target Slices.
[   26.144335] systemd[1]: Reached target Swap.
[[0;32m  OK  [0m] Reached target Swap.
[   26.188696] systemd[1]: Listening on Journal Audit Socket.
[[0;32m  OK  [0m] Listening on Journal Audit Socket.
[   26.356762] systemd[1]: Starting Journal Service...
         Starting Journal Service...
[   26.453408] systemd[1]: Mounted Huge Pages File System.
[[0;32m  OK  [0m] Mounted Huge Pages File System.
[   26.512458] systemd[1]: Mounted Debug File System.
[[0;32m  OK  [0m] Mounted Debug File System.
[   26.541087] systemd[1]: Mounted POSIX Message Queue File System.
[[0;32m  OK  [0m] Mounted POSIX Message Queue File System.
[   26.573704] systemd[1]: Started Journal Service.
[[0;32m  OK  [0m] Started Journal Service.
[[0;32m  OK  [0m] Started Set console keymap.
[[0;32m  OK  [0m] Started Create list of required sta...ce nodes for the current kernel.
[[0;32m  OK  [0m] Started Remount Root and Kernel File Systems.
[[0;32m  OK  [0m] Started Uncomplicated firewall.
[[0;32m  OK  [0m] Started Load Kernel Modules.
[[0;32m  OK  [0m] Started Nameserver information manager.
[[0;32m  OK  [0m] Started LVM2 metadata daemon.
         Starting Apply Kernel Variables...
         Mounting FUSE Control File System...
         Starting Initial cloud-init job (pre-networking)...
         Starting udev Coldplug all Devices...
         Starting Load/Save Random Seed...
         Starting Create Static Device Nodes in /dev...
         Starting Flush Journal to Persistent Storage...
[[0;32m  OK  [0m] Mounted FUSE Control File System.
[[0;32m  OK  [0m] Started Apply Kernel Variables.
[[0;32m  OK  [0m] Started Load/Save Random Seed.
[[0;32m  OK  [0m] Started Create Static Device Nodes in /dev.
[[0;32m  OK  [0m] Started udev Coldplug all Devices.
[[0;32m  OK  [0m] Started Flush Journal to Persistent Storage.
[[0;32m  OK  [0m] Started Monitoring of LVM2 mirrors,...ng dmeventd or progress polling.
         Starting udev Kernel Device Manager...
[[0;32m  OK  [0m] Started udev Kernel Device Manager.
[[0;32m  OK  [0m] Reached target Local File Systems (Pre).
[[0;32m  OK  [0m] Reached target Local File Systems.
         Starting Set console font and keymap...
         Starting Tell Plymouth To Write Out Runtime Data...
         Starting LSB: AppArmor initialization...
         Starting Create Volatile Files and Directories...
[[0;32m  OK  [0m] Started Dispatch Password Requests to Console Directory Watch.
[[0;32m  OK  [0m] Started Tell Plymouth To Write Out Runtime Data.
[[0;32m  OK  [0m] Started Create Volatile Files and Directories.
[[0;32m  OK  [0m] Found device /dev/ttyS0.
[[0;32m  OK  [0m] Listening on Load/Save RF Kill Switch Status /dev/rfkill Watch.
[[0;32m  OK  [0m] Reached target System Time Synchronized.
         Starting Update UTMP about System Boot/Shutdown...
[   20.776026] cloud-init[446]: Cloud-init v. 0.7.9 running 'init-local' at Thu, 04 May 2017 23:06:59 +0000. Up 20.42 seconds.
[[0;32m  OK  [0m] Started Set console font and keymap.
[[0;32m  OK  [0m] Started LSB: AppArmor initialization.
[[0;32m  OK  [0m] Started Initial cloud-init job (pre-networking).
[[0;32m  OK  [0m] Found device 82540EM Gigabit Ethern...r (PRO/1000 MT Desktop Adapter).
[[0;32m  OK  [0m] Started Update UTMP about System Boot/Shutdown.
[[0;32m  OK  [0m] Reached target Network (Pre).
[[0;32m  OK  [0m] Started ifup for enp0s3.
         Starting Raise network interfaces...
[[0;32m  OK  [0m] Created slice system-getty.slice.
[[0;32m  OK  [0m] Started Raise network interfaces.
         Starting Initial cloud-init job (metadata service crawler)...
[[0;32m  OK  [0m] Reached target Network.
[   24.009777] cloud-init[954]: Cloud-init v. 0.7.9 running 'init' at Thu, 04 May 2017 23:07:02 +0000. Up 23.55 seconds.
[   24.072755] cloud-init[954]: ci-info: +++++++++++++++++++++++++++++++++++++Net device info++++++++++++++++++++++++++++++++++++++
[   24.152246] cloud-init[954]: ci-info: +--------+------+----------------------------+---------------+-------+-------------------+
[   24.152532] cloud-init[954]: ci-info: | Device |  Up  |          Address           |      Mask     | Scope |     Hw-Address    |
[   24.152725] cloud-init[954]: ci-info: +--------+------+----------------------------+---------------+-------+-------------------+
[   24.152920] cloud-init[954]: ci-info: | enp0s3 | True |         10.0.2.15          | 255.255.255.0 |   .   | 02:7e:77:47:b5:e0 |
[   24.153107] cloud-init[954]: ci-info: | enp0s3 | True | fe80::7e:77ff:fe47:b5e0/64 |       .       |  link | 02:7e:77:47:b5:e0 |
[   24.153405] cloud-init[954]: ci-info: |   lo   | True |         127.0.0.1          |   255.0.0.0   |   .   |         .         |
[[0;32m  OK  [0m] Started Initial cloud-init job (metadata service crawler).
[   24.153599] cloud-init[954]: ci-info: |   lo   | True |          ::1/128           |       .       |  host |         .         |
[   24.372654] cloud-init[954]: ci-info: +--------+------+----------------------------+---------------+-------+-------------------+
[   24.372969] cloud-init[954]: ci-info: +++++++++++++++++++++++++++Route IPv4 info++++++++++++++++++++++++++++
[[0;32m  OK  [0m] Reached target Cloud-config availability.
[   24.373351] cloud-init[954]: ci-info: +-------+-------------+----------+---------------+-----------+-------+
[   24.421038] cloud-init[954]: ci-info: | Route | Destination | Gateway  |    Genmask    | Interface | Flags |
[   24.422110] cloud-init[954]: ci-info: +-------+-------------+----------+---------------+-----------+-------+
[   24.423601] cloud-init[954]: ci-info: |   0   |   0.0.0.0   | 10.0.2.2 |    0.0.0.0    |   enp0s3  |   UG  |
[   24.425239] cloud-init[954]: ci-info: |   1   |   10.0.2.0  | 0.0.0.0  | 255.255.255.0 |   enp0s3  |   U   |
[   24.425985] cloud-init[954]: ci-info: +-------+-------------+----------+---------------+-----------+-------+
[[0;32m  OK  [0m] Reached target System Initialization.
[[0;32m  OK  [0m] Started Trigger resolvconf update for networkd DNS.
[[0;32m  OK  [0m] Started Daily apt activities.
[[0;32m  OK  [0m] Listening on UUID daemon activation socket.
[[0;32m  OK  [0m] Listening on D-Bus System Message Bus Socket.
[[0;32m  OK  [0m] Started ACPI Events Check.
[[0;32m  OK  [0m] Reached target Paths.
         Starting Socket activation for snappy daemon.
[[0;32m  OK  [0m] Listening on ACPID Listen Socket.
[[0;32m  OK  [0m] Started Timer to automatically refresh installed snaps.
[[0;32m  OK  [0m] Started Daily Cleanup of Temporary Directories.
[[0;32m  OK  [0m] Reached target Timers.
         Starting LXD - unix socket.
[[0;32m  OK  [0m] Reached target Network is Online.
         Starting iSCSI initiator daemon (iscsid)...
[[0;32m  OK  [0m] Listening on Socket activation for snappy daemon.
[[0;32m  OK  [0m] Listening on LXD - unix socket.
[[0;32m  OK  [0m] Started iSCSI initiator daemon (iscsid).
         Starting Login to default iSCSI targets...
[[0;32m  OK  [0m] Reached target Sockets.
[[0;32m  OK  [0m] Reached target Basic System.
         Starting LXD - container startup/shutdown...
[[0;32m  OK  [0m] Started ACPI event daemon.
[[0;32m  OK  [0m] Started D-Bus System Message Bus.
         Starting Login Service...
         Starting /etc/rc.local Compatibility...
         Starting LSB: MD monitoring daemon...
         Starting System Logging Service...
         Starting Apply the settings specified in cloud-config...
[[0;32m  OK  [0m] Started Regular background program processing daemon.
[[0;32m  OK  [0m] Started FUSE filesystem for LXC.
[[0;32m  OK  [0m] Started Deferred execution scheduler.
         Starting LSB: Record successful boot for GRUB...
         Starting OpenBSD Secure Shell server...
         Starting PostgreSQL Cluster 9.5-main...
         Starting Accounts Service...
[[0;32m  OK  [0m] Started Snappy daemon.
         Starting Auto import assertions from block devices...
[[0;32m  OK  [0m] Started System Logging Service.
[[0;32m  OK  [0m] Started OpenBSD Secure Shell server.
[[0;32m  OK  [0m] Started LXD - container startup/shutdown.
[[0;32m  OK  [0m] Started /etc/rc.local Compatibility.
[[0;32m  OK  [0m] Started Apply the settings specified in cloud-config.
[[0;32m  OK  [0m] Started Auto import assertions from block devices.
[   26.511485] cloud-init[1034]: Cloud-init v. 0.7.9 running 'modules:config' at Thu, 04 May 2017 23:07:05 +0000. Up 26.29 seconds.
[[0;32m  OK  [0m] Started Login to default iSCSI targets.
[[0;32m  OK  [0m] Started LSB: MD monitoring daemon.
[[0;32m  OK  [0m] Started LSB: Record successful boot for GRUB.
[[0;32m  OK  [0m] Started Login Service.
         Starting Authenticate and Authorize Users to Run Privileged Tasks...
[[0;32m  OK  [0m] Reached target Remote File Systems (Pre).
[[0;32m  OK  [0m] Reached target Remote File Systems.
         Starting LSB: Set the CPU Frequency Scaling governor to "ondemand"...
         Starting Permit User Sessions...
         Starting LSB: automatic crash report generation...
         Starting LSB: VirtualBox Linux Additions...
         Starting LSB: Start/stop sysstat's sadc...
         Starting LSB: daemon to balance interrupts for SMP systems...
[[0;32m  OK  [0m] Started Permit User Sessions.
[[0;32m  OK  [0m] Started Authenticate and Authorize Users to Run Privileged Tasks.
[[0;32m  OK  [0m] Started Accounts Service.
[[0;32m  OK  [0m] Started LSB: Set the CPU Frequency Scaling governor to "ondemand".
[[0;32m  OK  [0m] Started LSB: Start/stop sysstat's sadc.
[[0;32m  OK  [0m] Started LSB: automatic crash report generation.
[[0;32m  OK  [0m] Started LSB: VirtualBox Linux Additions.
[[0;32m  OK  [0m] Created slice User Slice of ubuntu.
         Starting User Manager for UID 1000...
[[0;32m  OK  [0m] Started Session 1 of user ubuntu.
         Starting Hold until boot process finishes up...
         Starting Terminate Plymouth Boot Screen...
[[0;32m  OK  [0m] Started User Manager for UID 1000.
[[0;32m  OK  [0m] Started LSB: daemon to balance interrupts for SMP systems.
[[0;32m  OK  [0m] Started Hold until boot process finishes up.
[[0;32m  OK  [0m] Started Terminate Plymouth Boot Screen.
[[0;32m  OK  [0m] Started Getty on tty1.
         Starting Set console scheme...
[[0;32m  OK  [0m] Started Serial Getty on ttyS0.
[[0;32m  OK  [0m] Reached target Login Prompts.
[[0;32m  OK  [0m] Started Set console scheme.
[[0;32m  OK  [0m] Started PostgreSQL Cluster 9.5-main.
         Starting PostgreSQL RDBMS...
[[0;32m  OK  [0m] Started PostgreSQL RDBMS.
[[0;32m  OK  [0m] Reached target Multi-User System.
[[0;32m  OK  [0m] Reached target Graphical Interface.
         Starting Update UTMP about System Runlevel Changes...
         Starting Execute cloud user/final scripts...
[[0;32m  OK  [0m] Started Update UTMP about System Runlevel Changes.
         Stopping User Manager for UID 1000...
[[0;32m  OK  [0m] Stopped User Manager for UID 1000.
[   29.606187] cloud-init[1293]: Cloud-init v. 0.7.9 running 'modules:final' at Thu, 04 May 2017 23:07:08 +0000. Up 29.37 seconds.
[   29.676802] [cloud-init[0;32m  OK  [0m[1293]: ] Cloud-init v. 0.7.9 finished at Thu, 04 May 2017 23:07:08 +0000. Datasource DataSourceNoCloud [seed=/dev/sdb][dsmode=net].  Up 29.59 secondsRemoved slice User Slice of ubuntu.

[[0;32m  OK  [0m] Started Execute cloud user/final scripts.
[[0;32m  OK  [0m] Reached target Cloud-init target.

Ubuntu 16.04.2 LTS ubuntu-xenial ttyS0

ubuntu-xenial login:          Stopping User Manager for UID 1000...
         Stopping Daemon for generating UUIDs...
[[0;32m  OK  [0m] Closed Load/Save RF Kill Switch Statue         Stopping LSB: daemon to balance interrupts for SMP systems...
         Stopping LSB: Start/stop sysstat's sadc...
[[0;32m  OK  [0m] Stopped PostgreSQL RDBMS.
         Stopping PostgreSQL Cluster 9.5-main...
         Stopping LXD - container startup/shutdown...
         Stopping Deferred execution scheduler...
         Stopping LSB: MD monitoring daemon...
         Stopping LSB: VirtualBox Linux Additions...
         Stopping Regular background program processing daemon...
[[0;32m  OK  [0m] Unmounted /var/lib/lxcfs.
[[0;32m  OK  [0m] Stopped ACPI event daemon.
[[0;32m  OK  [0m] Stopped System Logging Service.
[[0;32m  OK  [0m] Stopped Regular background program processing daemon.
[[0;32m  OK  [0m] Stopped Deferred execution scheduler.
[[0;32m  OK  [0m] Stopped OpenBSD Secure Shell server.
[[0;32m  OK  [0m] Stopped Accounts Service.
[[0;32m  OK  [0m] Stopped Snappy daemon.
[[0;32m  OK  [0m] Stopped Authenticate and Authorize Users to Run Privileged Tasks.
[[0;32m  OK  [0m] Stopped Getty on tty1.
[[0;32m  OK  [0m] Stopped Serial Getty on ttyS0.
[[0;32m  OK  [0m] Stopped Daemon for generating UUIDs.
[[0;32m  OK  [0m] Stopped User Manager for UID 1000.
[[0;32m  OK  [0m] Stopped Session 580 of user ubuntu.
[[0;32m  OK  [0m] Stopped D-Bus System Message Bus.
[[0;32m  OK  [0m] Stopped FUSE filesystem for LXC.
[[0;32m  OK  [0m] Stopped LSB: Set the CPU Frequency Scaling governor to "ondemand".
[[0;32m  OK  [0m] Stopped LSB: Record successful boot for GRUB.
[[0;32m  OK  [0m] Stopped LSB: daemon to balance interrupts for SMP systems.
[[0;32m  OK  [0m] Stopped LSB: Start/stop sysstat's sadc.
[[0;32m  OK  [0m] Stopped LSB: automatic crash report generation.
[[0;32m  OK  [0m] Stopped LXD - container startup/shutdown.
[[0;32m  OK  [0m] Stopped LSB: MD monitoring daemon.
[[0;32m  OK  [0m] Stopped LSB: VirtualBox Linux Additions.
[[0;32m  OK  [0m] Removed slice User Slice of ubuntu.
         Stopping Login Service...
[[0;32m  OK  [0m] Removed slice system-serial\x2dgetty.slice.
         Stopping Permit User Sessions...
[[0;32m  OK  [0m] Stopped /etc/rc.local Compatibility.
[[0;32m  OK  [0m] Removed slice system-getty.slice.
[[0;32m  OK  [0m] Stopped Login Service.
[[0;32m  OK  [0m] Stopped PostgreSQL Cluster 9.5-main.
[[0;32m  OK  [0m] Stopped Permit User Sessions.
[[0;32m  OK  [0m] Stopped target Remote File Systems.
[[0;32m  OK  [0m] Stopped target Remote File Systems (Pre).
         Stopping Login to default iSCSI targets...
[[0;32m  OK  [0m] Removed slice system-postgresql.slice.
[[0;32m  OK  [0m] Stopped target Basic System.
[[0;32m  OK  [0m] Stopped target Sockets.
[[0;32m  OK  [0m] Closed ACPID Listen Socket.
[[0;32m  OK  [0m] Closed LXD - unix socket.
[[0;32m  OK  [0m] Closed Syslog Socket.
[[0;32m  OK  [0m] Closed UUID daemon activation socket.
[[0;32m  OK  [0m] Closed D-Bus System Message Bus Socket.
[[0;32m  OK  [0m] Closed Socket activation for snappy daemon.
[[0;32m  OK  [0m] Stopped target Slices.
[[0;32m  OK  [0m] Stopped target Paths.
[[0;32m  OK  [0m] Stopped Trigger resolvconf update for networkd DNS.
[[0;32m  OK  [0m] Stopped Dispatch Password Requests to Console Directory Watch.
[[0;32m  OK  [0m] Stopped ACPI Events Check.
[[0;32m  OK  [0m] Stopped Forward Password Requests to Wall Directory Watch.
[[0;32m  OK  [0m] Removed slice User and Session Slice.
[[0;32m  OK  [0m] Stopped target System Initialization.
         Stopping Load/Save Random Seed...
[[0;32m  OK  [0m] Stopped target Swap.
[[0;32m  OK  [0m] Stopped target Encrypted Volumes.
[[0;32m  OK  [0m] Stopped Create Volatile Files and Directories.
[[0;32m  OK  [0m] Stopped target User and Group Name Lookups.
[[0;32m  OK  [0m] Stopped Load/Save Random Seed.
[[0;32m  OK  [0m] Stopped Login to default iSCSI targets.
         Stopping iSCSI initiator daemon (iscsid)...
[[0;32m  OK  [0m] Stopped iSCSI initiator daemon (iscsid).
[[0;32m  OK  [0m] Stopped target Network is Online.
[[0;32m  OK  [0m] Stopped target Network.
[[0;32m  OK  [0m] Stopped Initial cloud-init job (metadata service crawler).
         Stopping Raise network interfaces...
[[0;32m  OK  [0m] Stopped Raise network interfaces.
[[0;32m  OK  [0m] Stopped target Local File Systems.
         Starting Unattended Upgrades Shutdown...
         Unmounting /run/user/1000...
         Unmounting /vagrant...
[[0;32m  OK  [0m] Stopped target Network (Pre).
[[0;32m  OK  [0m] Stopped Initial cloud-init job (pre-networking).
[[0;32m  OK  [0m] Stopped Apply Kernel Variables.
[[0;32m  OK  [0m] Stopped Load Kernel Modules.
[[0;32m  OK  [0m] Started Unattended Upgrades Shutdown.
[[0;32m  OK  [0m] Unmounted /run/user/1000.
[[0;32m  OK  [0m] Unmounted /vagrant.
[[0;32m  OK  [0m] Reached target Unmount All Filesystems.
[[0;32m  OK  [0m] Stopped target Local File Systems (Pre).
[[0;32m  OK  [0m] Stopped Remount Root and Kernel File Systems.
[[0;32m  OK  [0m] Stopped Create Static Device Nodes in /dev.
         Stopping Monitoring of LVM2 mirrors... dmeventd or progress polling...
[[0;32m  OK  [0m] Reached target Shutdown.
[286011.540631] reboot: Power down